2024-03-24 05:45:24,111 CRIT Supervisor is running as root.  Privileges were not dropped because no user is specified in the config file.  If you intend to run as root, you can set user=root in the config file to avoid this message.
2024-03-24 05:45:24,127 INFO supervisord started with pid 1
2024-03-24 05:45:25,133 INFO spawned: 'django' with pid 8
2024-03-24 05:45:25,137 INFO spawned: 'gunicorn' with pid 9
2024-03-24 05:45:25,310 WARN exited: gunicorn (exit status 3; not expected)
2024-03-24 05:45:26,957 INFO success: django entered RUNNING state, process has stayed up for > than 1 seconds (startsecs)
2024-03-24 05:45:26,960 INFO spawned: 'gunicorn' with pid 16
2024-03-24 05:45:27,089 WARN exited: gunicorn (exit status 3; not expected)
2024-03-24 05:45:29,094 INFO spawned: 'gunicorn' with pid 19
2024-03-24 05:45:29,229 WARN exited: gunicorn (exit status 3; not expected)
2024-03-24 05:45:32,236 INFO spawned: 'gunicorn' with pid 22
2024-03-24 05:45:32,373 WARN exited: gunicorn (exit status 3; not expected)
2024-03-24 05:45:33,375 INFO gave up: gunicorn entered FATAL state, too many start retries too quickly
2024-03-24 05:45:43,912 INFO spawned: 'gunicorn' with pid 25
2024-03-24 05:45:44,048 WARN exited: gunicorn (exit status 3; not expected)
2024-03-24 05:45:45,051 INFO spawned: 'gunicorn' with pid 28
2024-03-24 05:45:45,176 WARN exited: gunicorn (exit status 3; not expected)
2024-03-24 05:45:46,185 ERRO 172.30.0.1:37722 - - [24/Mar/2024:05:45:46 +0000] "GET /?message=ERROR%3A%20Process%20gunicorn%3A%20spawn%20error HTTP/1.1" 200 3892
2024-03-24 05:45:47,190 INFO spawned: 'gunicorn' with pid 31
2024-03-24 05:45:47,319 WARN exited: gunicorn (exit status 3; not expected)
2024-03-24 05:45:50,325 INFO spawned: 'gunicorn' with pid 34
2024-03-24 05:45:50,456 WARN exited: gunicorn (exit status 3; not expected)
2024-03-24 05:45:51,459 INFO gave up: gunicorn entered FATAL state, too many start retries too quickly
2024-03-24 05:46:01,177 INFO waiting for django to stop
2024-03-24 05:46:01,245 INFO stopped: django (exit status 0)
2024-03-24 05:46:02,253 INFO spawned: 'django' with pid 37
2024-03-24 05:46:04,070 INFO success: django entered RUNNING state, process has stayed up for > than 1 seconds (startsecs)
2024-03-24 05:46:36,116 WARN received SIGTERM indicating exit request
2024-03-24 05:46:36,117 INFO waiting for django to die
2024-03-24 05:46:37,177 INFO stopped: django (exit status 0)
2024-03-24 05:46:58,743 CRIT Supervisor is running as root.  Privileges were not dropped because no user is specified in the config file.  If you intend to run as root, you can set user=root in the config file to avoid this message.
2024-03-24 05:46:58,759 INFO supervisord started with pid 1
2024-03-24 05:46:59,765 INFO spawned: 'django' with pid 8
2024-03-24 05:46:59,768 INFO spawned: 'gunicorn' with pid 9
2024-03-24 05:47:01,666 INFO success: django entered RUNNING state, process has stayed up for > than 1 seconds (startsecs)
2024-03-24 05:47:01,666 INFO success: gunicorn entered RUNNING state, process has stayed up for > than 1 seconds (startsecs)
2024-03-24 05:48:52,472 WARN received SIGTERM indicating exit request
2024-03-24 05:48:52,473 INFO waiting for django, gunicorn to die
2024-03-24 05:48:52,586 INFO stopped: gunicorn (exit status 0)
2024-03-24 05:48:52,641 INFO stopped: django (exit status 0)
2024-03-24 05:48:58,833 CRIT Supervisor is running as root.  Privileges were not dropped because no user is specified in the config file.  If you intend to run as root, you can set user=root in the config file to avoid this message.
2024-03-24 05:48:58,845 INFO supervisord started with pid 1
2024-03-24 05:48:59,851 INFO spawned: 'django' with pid 8
2024-03-24 05:48:59,853 INFO spawned: 'gunicorn' with pid 9
2024-03-24 05:49:01,748 INFO success: django entered RUNNING state, process has stayed up for > than 1 seconds (startsecs)
2024-03-24 05:49:01,748 INFO success: gunicorn entered RUNNING state, process has stayed up for > than 1 seconds (startsecs)
2024-03-24 05:56:24,915 INFO waiting for gunicorn to stop
2024-03-24 05:56:25,134 INFO stopped: gunicorn (exit status 0)
2024-03-24 05:56:26,139 INFO spawned: 'gunicorn' with pid 33
2024-03-24 05:56:27,242 INFO success: gunicorn entered RUNNING state, process has stayed up for > than 1 seconds (startsecs)
2024-03-24 06:04:49,534 WARN received SIGTERM indicating exit request
2024-03-24 06:04:49,534 INFO waiting for django, gunicorn to die
2024-03-24 06:04:49,647 INFO stopped: gunicorn (exit status 0)
2024-03-24 06:04:49,704 INFO stopped: django (exit status 0)
2024-03-24 06:04:56,266 CRIT Supervisor is running as root.  Privileges were not dropped because no user is specified in the config file.  If you intend to run as root, you can set user=root in the config file to avoid this message.
2024-03-24 06:04:56,279 INFO supervisord started with pid 1
2024-03-24 06:04:57,286 INFO spawned: 'django' with pid 8
2024-03-24 06:04:57,291 INFO spawned: 'gunicorn' with pid 9
2024-03-24 06:04:59,255 INFO success: django entered RUNNING state, process has stayed up for > than 1 seconds (startsecs)
2024-03-24 06:04:59,256 INFO success: gunicorn entered RUNNING state, process has stayed up for > than 1 seconds (startsecs)
2024-03-24 06:11:10,470 WARN exited: django (exit status 245; not expected)
2024-03-24 06:11:11,476 INFO spawned: 'django' with pid 104
2024-03-24 06:11:12,420 WARN exited: django (exit status 245; not expected)
2024-03-24 06:11:13,426 INFO spawned: 'django' with pid 120
2024-03-24 06:11:14,331 WARN exited: django (exit status 245; not expected)
2024-03-24 06:11:16,337 INFO spawned: 'django' with pid 136
2024-03-24 06:11:17,335 INFO success: django entered RUNNING state, process has stayed up for > than 1 seconds (startsecs)
2024-03-24 06:11:17,435 WARN exited: django (exit status 245; not expected)
2024-03-24 06:11:18,444 INFO spawned: 'django' with pid 152
2024-03-24 06:11:19,464 INFO success: django entered RUNNING state, process has stayed up for > than 1 seconds (startsecs)
2024-03-24 06:11:19,583 WARN exited: django (exit status 245; not expected)
2024-03-24 06:11:20,589 INFO spawned: 'django' with pid 168
2024-03-24 06:11:21,559 WARN exited: django (exit status 245; not expected)
2024-03-24 06:11:22,565 INFO spawned: 'django' with pid 184
2024-03-24 06:11:23,548 WARN exited: django (exit status 245; not expected)
2024-03-24 06:11:25,556 INFO spawned: 'django' with pid 200
2024-03-24 06:11:26,494 WARN exited: django (exit status 245; not expected)
2024-03-24 06:11:29,502 INFO spawned: 'django' with pid 216
2024-03-24 06:11:30,442 WARN exited: django (exit status 245; not expected)
2024-03-24 06:11:31,444 INFO gave up: django entered FATAL state, too many start retries too quickly
2024-03-24 06:15:38,357 INFO waiting for gunicorn to stop
2024-03-24 06:15:38,470 INFO stopped: gunicorn (exit status 0)
2024-03-24 06:15:39,391 INFO spawned: 'django' with pid 271
2024-03-24 06:15:40,308 WARN exited: django (exit status 245; not expected)
2024-03-24 06:15:41,314 INFO spawned: 'django' with pid 287
2024-03-24 06:15:42,334 INFO success: django entered RUNNING state, process has stayed up for > than 1 seconds (startsecs)
2024-03-24 06:15:42,334 WARN exited: django (exit status 245; not expected)
2024-03-24 06:15:43,340 INFO spawned: 'django' with pid 303
2024-03-24 06:15:44,327 WARN exited: django (exit status 245; not expected)
2024-03-24 06:15:45,334 INFO spawned: 'django' with pid 319
2024-03-24 06:15:46,405 INFO success: django entered RUNNING state, process has stayed up for > than 1 seconds (startsecs)
2024-03-24 06:15:46,406 WARN exited: django (exit status 245; not expected)
2024-03-24 06:15:47,413 INFO spawned: 'django' with pid 335
2024-03-24 06:15:48,408 INFO success: django entered RUNNING state, process has stayed up for > than 1 seconds (startsecs)
2024-03-24 06:15:48,505 WARN exited: django (exit status 245; not expected)
2024-03-24 06:15:49,512 INFO spawned: 'django' with pid 351
2024-03-24 06:15:50,500 WARN exited: django (exit status 245; not expected)
2024-03-24 06:15:51,506 INFO spawned: 'django' with pid 367
2024-03-24 06:15:52,519 INFO success: django entered RUNNING state, process has stayed up for > than 1 seconds (startsecs)
2024-03-24 06:15:52,519 WARN exited: django (exit status 245; not expected)
2024-03-24 06:15:53,525 INFO spawned: 'django' with pid 383
2024-03-24 06:15:54,441 WARN exited: django (exit status 245; not expected)
2024-03-24 06:15:55,448 INFO spawned: 'django' with pid 399
2024-03-24 06:15:56,355 WARN exited: django (exit status 245; not expected)
2024-03-24 06:15:58,442 INFO spawned: 'django' with pid 415
2024-03-24 06:15:59,356 WARN exited: django (exit status 245; not expected)
2024-03-24 06:16:02,365 INFO spawned: 'django' with pid 431
2024-03-24 06:16:03,329 WARN exited: django (exit status 245; not expected)
2024-03-24 06:16:04,331 INFO gave up: django entered FATAL state, too many start retries too quickly
2024-03-24 06:30:50,823 INFO spawned: 'gunicorn' with pid 3583
2024-03-24 06:30:51,282 INFO spawned: 'django' with pid 3586
2024-03-24 06:30:51,926 INFO success: gunicorn entered RUNNING state, process has stayed up for > than 1 seconds (startsecs)
2024-03-24 06:30:52,928 INFO success: django entered RUNNING state, process has stayed up for > than 1 seconds (startsecs)
2024-03-24 06:39:51,986 WARN received SIGTERM indicating exit request
2024-03-24 06:39:51,986 INFO waiting for django, gunicorn to die
2024-03-24 06:39:52,599 INFO stopped: gunicorn (exit status 0)
2024-03-24 06:39:52,673 INFO stopped: django (exit status 0)
2024-05-21 08:13:40,818 CRIT Supervisor is running as root.  Privileges were not dropped because no user is specified in the config file.  If you intend to run as root, you can set user=root in the config file to avoid this message.
2024-05-21 08:13:40,861 INFO supervisord started with pid 1
2024-05-21 08:13:41,878 INFO spawned: 'django' with pid 8
2024-05-21 08:13:41,889 INFO spawned: 'gunicorn' with pid 9
2024-05-21 08:13:41,908 WARN exited: django (exit status 127; not expected)
2024-05-21 08:13:43,256 INFO spawned: 'django' with pid 12
2024-05-21 08:13:43,257 INFO success: gunicorn entered RUNNING state, process has stayed up for > than 1 seconds (startsecs)
2024-05-21 08:13:43,267 WARN exited: django (exit status 127; not expected)
2024-05-21 08:13:45,277 INFO spawned: 'django' with pid 13
2024-05-21 08:13:45,288 WARN exited: django (exit status 127; not expected)
2024-05-21 08:13:48,311 INFO spawned: 'django' with pid 14
2024-05-21 08:13:48,341 WARN exited: django (exit status 127; not expected)
2024-05-21 08:13:48,347 INFO gave up: django entered FATAL state, too many start retries too quickly
2024-05-21 08:21:26,012 WARN received SIGTERM indicating exit request
2024-05-21 08:21:26,018 INFO waiting for gunicorn to die
2024-05-21 08:21:28,279 INFO stopped: gunicorn (exit status 0)
2024-05-21 08:37:25,753 CRIT Supervisor is running as root.  Privileges were not dropped because no user is specified in the config file.  If you intend to run as root, you can set user=root in the config file to avoid this message.
2024-05-21 08:37:25,799 INFO supervisord started with pid 1
2024-05-21 08:37:26,814 INFO spawned: 'django' with pid 8
2024-05-21 08:37:26,831 INFO spawned: 'gunicorn' with pid 9
2024-05-21 08:37:26,838 WARN exited: django (exit status 127; not expected)
2024-05-21 08:37:28,186 INFO spawned: 'django' with pid 12
2024-05-21 08:37:28,190 INFO success: gunicorn entered RUNNING state, process has stayed up for > than 1 seconds (startsecs)
2024-05-21 08:37:28,206 WARN exited: django (exit status 127; not expected)
2024-05-21 08:37:30,227 INFO spawned: 'django' with pid 13
2024-05-21 08:37:30,247 WARN exited: django (exit status 127; not expected)
2024-05-21 08:37:33,259 INFO spawned: 'django' with pid 14
2024-05-21 08:37:33,274 WARN exited: django (exit status 127; not expected)
2024-05-21 08:37:33,276 INFO gave up: django entered FATAL state, too many start retries too quickly
2024-05-21 08:43:12,857 WARN received SIGTERM indicating exit request
2024-05-21 08:43:12,859 INFO waiting for gunicorn to die
2024-05-21 08:43:15,874 INFO waiting for gunicorn to die
2024-05-21 08:43:16,325 INFO stopped: gunicorn (exit status 0)
2024-05-21 09:54:02,636 CRIT Supervisor is running as root.  Privileges were not dropped because no user is specified in the config file.  If you intend to run as root, you can set user=root in the config file to avoid this message.
2024-05-21 09:54:02,686 INFO supervisord started with pid 1
2024-05-21 09:54:03,699 INFO spawned: 'django' with pid 8
2024-05-21 09:54:03,707 INFO spawned: 'gunicorn' with pid 9
2024-05-21 09:54:03,711 WARN exited: django (exit status 127; not expected)
2024-05-21 09:54:04,909 INFO spawned: 'django' with pid 12
2024-05-21 09:54:04,911 INFO success: gunicorn entered RUNNING state, process has stayed up for > than 1 seconds (startsecs)
2024-05-21 09:54:04,922 WARN exited: django (exit status 127; not expected)
2024-05-21 09:54:06,935 INFO spawned: 'django' with pid 13
2024-05-21 09:54:06,944 WARN exited: django (exit status 127; not expected)
2024-05-21 09:54:09,956 INFO spawned: 'django' with pid 14
2024-05-21 09:54:09,965 WARN exited: django (exit status 127; not expected)
2024-05-21 09:54:09,967 INFO gave up: django entered FATAL state, too many start retries too quickly
2024-05-21 10:01:01,922 INFO waiting for gunicorn to stop
2024-05-21 10:01:03,047 INFO stopped: gunicorn (exit status 0)
2024-05-21 10:01:04,076 INFO spawned: 'gunicorn' with pid 67
2024-05-21 10:01:05,419 INFO success: gunicorn entered RUNNING state, process has stayed up for > than 1 seconds (startsecs)
2024-05-21 10:03:26,350 INFO waiting for gunicorn to stop
2024-05-21 10:03:27,066 INFO stopped: gunicorn (exit status 0)
2024-05-21 10:03:27,074 INFO spawned: 'gunicorn' with pid 91
2024-05-21 10:03:28,211 INFO success: gunicorn entered RUNNING state, process has stayed up for > than 1 seconds (startsecs)
2024-05-21 10:07:36,048 WARN received SIGTERM indicating exit request
2024-05-21 10:07:36,052 INFO waiting for gunicorn to die
2024-05-21 10:07:37,173 INFO stopped: gunicorn (exit status 0)
2024-05-21 11:33:30,034 CRIT Supervisor is running as root.  Privileges were not dropped because no user is specified in the config file.  If you intend to run as root, you can set user=root in the config file to avoid this message.
2024-05-21 11:33:30,098 INFO supervisord started with pid 1
2024-05-21 11:33:31,109 INFO spawned: 'django' with pid 8
2024-05-21 11:33:31,132 INFO spawned: 'gunicorn' with pid 9
2024-05-21 11:33:31,143 WARN exited: django (exit status 127; not expected)
2024-05-21 11:33:32,582 INFO spawned: 'django' with pid 12
2024-05-21 11:33:32,583 INFO success: gunicorn entered RUNNING state, process has stayed up for > than 1 seconds (startsecs)
2024-05-21 11:33:32,591 WARN exited: django (exit status 127; not expected)
2024-05-21 11:33:34,605 INFO spawned: 'django' with pid 13
2024-05-21 11:33:34,615 WARN exited: django (exit status 127; not expected)
2024-05-21 11:33:37,638 INFO spawned: 'django' with pid 14
2024-05-21 11:33:37,656 WARN exited: django (exit status 127; not expected)
2024-05-21 11:33:37,660 INFO gave up: django entered FATAL state, too many start retries too quickly
2024-05-21 11:48:13,375 INFO waiting for gunicorn to stop
2024-05-21 11:48:14,542 INFO stopped: gunicorn (exit status 0)
2024-05-21 11:48:15,827 INFO spawned: 'gunicorn' with pid 67
2024-05-21 11:48:17,165 INFO success: gunicorn entered RUNNING state, process has stayed up for > than 1 seconds (startsecs)
2024-05-21 11:59:10,355 INFO waiting for gunicorn to stop
2024-05-21 11:59:10,580 INFO stopped: gunicorn (exit status 0)
2024-05-21 11:59:11,592 INFO spawned: 'gunicorn' with pid 142
2024-05-21 11:59:12,774 INFO success: gunicorn entered RUNNING state, process has stayed up for > than 1 seconds (startsecs)
2024-05-21 12:00:10,088 INFO waiting for gunicorn to stop
2024-05-21 12:00:10,328 INFO stopped: gunicorn (exit status 0)
2024-05-21 12:00:11,336 INFO spawned: 'gunicorn' with pid 167
2024-05-21 12:00:12,467 INFO success: gunicorn entered RUNNING state, process has stayed up for > than 1 seconds (startsecs)
2024-05-21 12:01:35,479 WARN received SIGTERM indicating exit request
2024-05-21 12:01:35,481 INFO waiting for gunicorn to die
2024-05-21 12:01:35,703 INFO stopped: gunicorn (exit status 0)
2024-05-21 13:39:20,748 CRIT Supervisor is running as root.  Privileges were not dropped because no user is specified in the config file.  If you intend to run as root, you can set user=root in the config file to avoid this message.
2024-05-21 13:39:20,794 INFO supervisord started with pid 1
2024-05-21 13:39:21,805 INFO spawned: 'django' with pid 8
2024-05-21 13:39:21,814 INFO spawned: 'gunicorn' with pid 9
2024-05-21 13:39:21,820 WARN exited: django (exit status 127; not expected)
2024-05-21 13:39:23,167 INFO spawned: 'django' with pid 12
2024-05-21 13:39:23,169 INFO success: gunicorn entered RUNNING state, process has stayed up for > than 1 seconds (startsecs)
2024-05-21 13:39:23,183 WARN exited: django (exit status 127; not expected)
2024-05-21 13:39:25,197 INFO spawned: 'django' with pid 13
2024-05-21 13:39:25,214 WARN exited: django (exit status 127; not expected)
2024-05-21 13:39:28,233 INFO spawned: 'django' with pid 14
2024-05-21 13:39:28,251 WARN exited: django (exit status 127; not expected)
2024-05-21 13:39:28,253 INFO gave up: django entered FATAL state, too many start retries too quickly
2024-05-21 13:41:02,730 INFO waiting for gunicorn to stop
2024-05-21 13:41:03,090 INFO stopped: gunicorn (exit status 0)
2024-05-21 13:41:04,107 INFO spawned: 'gunicorn' with pid 15
2024-05-21 13:41:05,566 INFO success: gunicorn entered RUNNING state, process has stayed up for > than 1 seconds (startsecs)
2024-05-21 13:41:50,962 INFO waiting for gunicorn to stop
2024-05-21 13:41:51,209 INFO stopped: gunicorn (exit status 0)
2024-05-21 13:41:52,230 INFO spawned: 'gunicorn' with pid 43
2024-05-21 13:41:53,582 INFO success: gunicorn entered RUNNING state, process has stayed up for > than 1 seconds (startsecs)
2024-05-21 13:43:12,307 INFO spawned: 'django' with pid 71
2024-05-21 13:43:12,332 WARN exited: django (exit status 127; not expected)
2024-05-21 13:43:13,357 INFO spawned: 'django' with pid 72
2024-05-21 13:43:13,383 WARN exited: django (exit status 127; not expected)
2024-05-21 13:43:14,402 ERRO 172.18.0.1:52894 - - [21/May/2024:13:43:14 +0000] "GET /?message=ERROR%3A%20Process%20django%3A%20spawn%20error HTTP/1.1" 200 3895
2024-05-21 13:43:15,423 INFO spawned: 'django' with pid 73
2024-05-21 13:43:15,452 WARN exited: django (exit status 127; not expected)
2024-05-21 13:43:18,471 INFO spawned: 'django' with pid 74
2024-05-21 13:43:18,481 WARN exited: django (exit status 127; not expected)
2024-05-21 13:43:18,483 INFO gave up: django entered FATAL state, too many start retries too quickly
2024-05-21 13:43:55,896 INFO waiting for gunicorn to stop
2024-05-21 13:43:57,035 INFO stopped: gunicorn (exit status 0)
2024-05-21 13:43:59,312 INFO spawned: 'gunicorn' with pid 99
2024-05-21 13:44:00,513 INFO success: gunicorn entered RUNNING state, process has stayed up for > than 1 seconds (startsecs)
2024-05-21 13:44:55,574 INFO waiting for gunicorn to stop
2024-05-21 13:44:56,514 INFO stopped: gunicorn (exit status 0)
2024-05-21 13:44:57,525 INFO spawned: 'gunicorn' with pid 126
2024-05-21 13:44:58,795 INFO success: gunicorn entered RUNNING state, process has stayed up for > than 1 seconds (startsecs)
2024-05-21 13:45:04,741 INFO waiting for gunicorn to stop
2024-05-21 13:45:04,970 INFO stopped: gunicorn (exit status 0)
2024-05-21 13:45:05,983 INFO spawned: 'gunicorn' with pid 129
2024-05-21 13:45:07,155 INFO success: gunicorn entered RUNNING state, process has stayed up for > than 1 seconds (startsecs)
2024-05-21 13:47:15,152 INFO waiting for gunicorn to stop
2024-05-21 13:47:16,094 INFO stopped: gunicorn (exit status 0)
2024-05-21 13:47:17,107 INFO spawned: 'gunicorn' with pid 156
2024-05-21 13:47:18,272 INFO success: gunicorn entered RUNNING state, process has stayed up for > than 1 seconds (startsecs)
2024-05-21 13:56:06,602 INFO waiting for gunicorn to stop
2024-05-21 13:56:08,764 INFO waiting for gunicorn to stop
2024-05-21 13:56:10,795 INFO waiting for gunicorn to stop
2024-05-21 13:56:13,339 INFO stopped: gunicorn (exit status 0)
2024-05-21 13:56:13,387 INFO spawned: 'gunicorn' with pid 183
2024-05-21 13:56:14,762 INFO success: gunicorn entered RUNNING state, process has stayed up for > than 1 seconds (startsecs)
2024-05-21 14:04:08,584 INFO waiting for gunicorn to stop
2024-05-21 14:04:09,524 INFO stopped: gunicorn (exit status 0)
2024-05-21 14:04:10,554 INFO spawned: 'gunicorn' with pid 235
2024-05-21 14:04:11,851 INFO success: gunicorn entered RUNNING state, process has stayed up for > than 1 seconds (startsecs)
2024-05-21 14:05:51,028 INFO waiting for gunicorn to stop
2024-05-21 14:05:52,569 INFO stopped: gunicorn (exit status 0)
2024-05-21 14:05:53,582 INFO spawned: 'gunicorn' with pid 262
2024-05-21 14:05:54,750 INFO success: gunicorn entered RUNNING state, process has stayed up for > than 1 seconds (startsecs)
2024-05-21 14:08:13,187 INFO waiting for gunicorn to stop
2024-05-21 14:08:14,319 INFO stopped: gunicorn (exit status 0)
2024-05-21 14:08:15,330 INFO spawned: 'gunicorn' with pid 314
2024-05-21 14:08:16,518 INFO success: gunicorn entered RUNNING state, process has stayed up for > than 1 seconds (startsecs)
2024-05-21 14:10:00,058 WARN received SIGTERM indicating exit request
2024-05-21 14:10:00,067 INFO waiting for gunicorn to die
2024-05-21 14:10:00,887 INFO stopped: gunicorn (exit status 0)
